\BOOKMARK [0][]{chapter.1}{\376\377\0001\000\040\0001\215\071}{}% 1
\BOOKMARK [1][]{section.1.1}{\376\377\0001\000.\0001\000\040\165\037\162\151}{chapter.1}% 2
\BOOKMARK [1][]{section.1.2}{\376\377\0001\000.\0002\000\040\171\136\126\150}{chapter.1}% 3
\BOOKMARK [1][]{section.1.3}{\376\377\0001\000.\0003\000\040\176\323\165\114}{chapter.1}% 4
\BOOKMARK [1][]{section.1.4}{\376\377\0001\000.\0004\000\040\121\166\116\326}{chapter.1}% 5
\BOOKMARK [0][]{chapter.2}{\376\377\0002\000\040\0002\215\071}{}% 6
\BOOKMARK [1][]{section.2.1}{\376\377\0002\000.\0001\000\040\165\037\162\151}{chapter.2}% 7
\BOOKMARK [1][]{section.2.2}{\376\377\0002\000.\0002\000\040\171\136\126\150}{chapter.2}% 8
\BOOKMARK [1][]{section.2.3}{\376\377\0002\000.\0003\000\040\176\323\165\114}{chapter.2}% 9
\BOOKMARK [1][]{section.2.4}{\376\377\0002\000.\0004\000\040\121\166\116\326}{chapter.2}% 10
\BOOKMARK [0][]{chapter.3}{\376\377\0003\000\040\0003\215\071}{}% 11
\BOOKMARK [1][]{section.3.1}{\376\377\0003\000.\0001\000\040\165\037\162\151}{chapter.3}% 12
\BOOKMARK [1][]{section.3.2}{\376\377\0003\000.\0002\000\040\171\136\126\150}{chapter.3}% 13
\BOOKMARK [1][]{section.3.3}{\376\377\0003\000.\0003\000\040\176\323\165\114}{chapter.3}% 14
\BOOKMARK [1][]{section.3.4}{\376\377\0003\000.\0004\000\040\121\166\116\326}{chapter.3}% 15
\BOOKMARK [0][]{chapter.4}{\376\377\0004\000\040\0004\215\071}{}% 16
\BOOKMARK [1][]{section.4.1}{\376\377\0004\000.\0001\000\040\165\037\162\151}{chapter.4}% 17
\BOOKMARK [1][]{section.4.2}{\376\377\0004\000.\0002\000\040\171\136\126\150}{chapter.4}% 18
\BOOKMARK [1][]{section.4.3}{\376\377\0004\000.\0003\000\040\176\323\165\114}{chapter.4}% 19
\BOOKMARK [1][]{section.4.4}{\376\377\0004\000.\0004\000\040\121\166\116\326}{chapter.4}% 20
\BOOKMARK [0][]{chapter.5}{\376\377\0005\000\040\0005\215\071}{}% 21
\BOOKMARK [1][]{section.5.1}{\376\377\0005\000.\0001\000\040\165\037\162\151}{chapter.5}% 22
\BOOKMARK [1][]{section.5.2}{\376\377\0005\000.\0002\000\040\171\136\126\150}{chapter.5}% 23
\BOOKMARK [1][]{section.5.3}{\376\377\0005\000.\0003\000\040\176\323\165\114}{chapter.5}% 24
\BOOKMARK [1][]{section.5.4}{\376\377\0005\000.\0004\000\040\121\166\116\326}{chapter.5}% 25
\BOOKMARK [0][]{chapter.6}{\376\377\0006\000\040\0006\215\071}{}% 26
\BOOKMARK [1][]{section.6.1}{\376\377\0006\000.\0001\000\040\165\037\162\151}{chapter.6}% 27
\BOOKMARK [1][]{section.6.2}{\376\377\0006\000.\0002\000\040\171\136\126\150}{chapter.6}% 28
\BOOKMARK [1][]{section.6.3}{\376\377\0006\000.\0003\000\040\176\323\165\114}{chapter.6}% 29
\BOOKMARK [1][]{section.6.4}{\376\377\0006\000.\0004\000\040\121\166\116\326}{chapter.6}% 30
\BOOKMARK [0][]{chapter.7}{\376\377\0007\000\040\0007\000+\215\071}{}% 31
\BOOKMARK [1][]{section.7.1}{\376\377\0007\000.\0001\000\040\165\037\162\151}{chapter.7}% 32
\BOOKMARK [1][]{section.7.2}{\376\377\0007\000.\0002\000\040\171\136\126\150}{chapter.7}% 33
\BOOKMARK [1][]{section.7.3}{\376\377\0007\000.\0003\000\040\176\323\165\114}{chapter.7}% 34
\BOOKMARK [1][]{section.7.4}{\376\377\0007\000.\0004\000\040\121\166\116\326}{chapter.7}% 35
\BOOKMARK [0][]{chapter.8}{\376\377\0008\000\040\0000\215\071\377\010\123\005\142\354\127\060\377\011}{}% 36
